<?xml version="1.0" encoding="UTF-8"?>
<!-- Generated by org.testng.reporters.JUnitXMLReporter -->
<testsuite ignored="0" hostname="LTB0203249-MAC.local" failures="1" tests="3" name="TicketSwap" time="93.282" errors="0" timestamp="23 Oct 2018 14:35:13 GMT">
  <testcase classname="TicketSwap.SampleTest.NewTest" name="sellTicket" time="10.966">
    <failure type="org.openqa.selenium.NoSuchElementException" message="An element could not be located on the page using the given search parameters. (WARNING: The server did not provide any stacktrace information)
Command duration or timeout: 0 milliseconds
For documentation on this error, please visit: http://seleniumhq.org/exceptions/no_such_element.html
Build info: version: &amp;apos;3.8.1&amp;apos;, revision: &amp;apos;6e95a6684b&amp;apos;, time: &amp;apos;2017-12-01T18:33:54.468Z&amp;apos;
System info: host: &amp;apos;LTB0203249-MAC.local&amp;apos;, ip: &amp;apos;192.168.1.7&amp;apos;, os.name: &amp;apos;Mac OS X&amp;apos;, os.arch: &amp;apos;x86_64&amp;apos;, os.version: &amp;apos;10.13.5&amp;apos;, java.version: &amp;apos;9.0.1&amp;apos;
Driver info: io.appium.java_client.android.AndroidDriver
Capabilities {appActivity: com.ticketswap.android.ui.L..., appPackage: com.ticketswap.ticketswap, browserName: , databaseEnabled: false, desired: {appActivity: com.ticketswap.android.ui.L..., appPackage: com.ticketswap.ticketswap, browserName: , deviceName: ABC, newCommandTimeout: 180, noReset: true, platformName: android}, deviceManufacturer: OnePlus, deviceModel: ONEPLUS A5000, deviceName: 10986c10, deviceScreenSize: 1080x1920, deviceUDID: 10986c10, javascriptEnabled: true, locationContextEnabled: false, networkConnectionEnabled: true, newCommandTimeout: 180, noReset: true, platform: LINUX, platformName: LINUX, platformVersion: 8.1.0, takesScreenshot: true, warnings: {}, webStorageEnabled: false}
Session ID: e5b03b67-57d3-4b05-a59c-828f7923146f
*** Element info: {Using=xpath, value=//*[android.view.View[contains(@text,&amp;apos;Regular&amp;apos;)]]}">
      <![CDATA[org.openqa.selenium.NoSuchElementException: An element could not be located on the page using the given search parameters. (WARNING: The server did not provide any stacktrace information)
Command duration or timeout: 0 milliseconds
For documentation on this error, please visit: http://seleniumhq.org/exceptions/no_such_element.html
Build info: version: '3.8.1', revision: '6e95a6684b', time: '2017-12-01T18:33:54.468Z'
System info: host: 'LTB0203249-MAC.local', ip: '192.168.1.7', os.name: 'Mac OS X', os.arch: 'x86_64', os.version: '10.13.5', java.version: '9.0.1'
Driver info: io.appium.java_client.android.AndroidDriver
Capabilities {appActivity: com.ticketswap.android.ui.L..., appPackage: com.ticketswap.ticketswap, browserName: , databaseEnabled: false, desired: {appActivity: com.ticketswap.android.ui.L..., appPackage: com.ticketswap.ticketswap, browserName: , deviceName: ABC, newCommandTimeout: 180, noReset: true, platformName: android}, deviceManufacturer: OnePlus, deviceModel: ONEPLUS A5000, deviceName: 10986c10, deviceScreenSize: 1080x1920, deviceUDID: 10986c10, javascriptEnabled: true, locationContextEnabled: false, networkConnectionEnabled: true, newCommandTimeout: 180, noReset: true, platform: LINUX, platformName: LINUX, platformVersion: 8.1.0, takesScreenshot: true, warnings: {}, webStorageEnabled: false}
Session ID: e5b03b67-57d3-4b05-a59c-828f7923146f
*** Element info: {Using=xpath, value=//*[android.view.View[contains(@text,'Regular')]]}
at org.openqa.selenium.remote.ErrorHandler.createThrowable(ErrorHandler.java:214)
at org.openqa.selenium.remote.ErrorHandler.throwIfResponseFailed(ErrorHandler.java:166)
at org.openqa.selenium.remote.http.JsonHttpResponseCodec.reconstructValue(JsonHttpResponseCodec.java:40)
at org.openqa.selenium.remote.http.AbstractHttpResponseCodec.decode(AbstractHttpResponseCodec.java:80)
at org.openqa.selenium.remote.http.AbstractHttpResponseCodec.decode(AbstractHttpResponseCodec.java:44)
at org.openqa.selenium.remote.HttpCommandExecutor.execute(HttpCommandExecutor.java:164)
at io.appium.java_client.remote.AppiumCommandExecutor.execute(AppiumCommandExecutor.java:89)
at org.openqa.selenium.remote.RemoteWebDriver.execute(RemoteWebDriver.java:601)
at io.appium.java_client.DefaultGenericMobileDriver.execute(DefaultGenericMobileDriver.java:42)
at io.appium.java_client.AppiumDriver.execute(AppiumDriver.java:1)
at io.appium.java_client.android.AndroidDriver.execute(AndroidDriver.java:1)
at org.openqa.selenium.remote.RemoteWebDriver.findElement(RemoteWebDriver.java:371)
at io.appium.java_client.DefaultGenericMobileDriver.findElement(DefaultGenericMobileDriver.java:62)
at io.appium.java_client.AppiumDriver.findElement(AppiumDriver.java:1)
at io.appium.java_client.android.AndroidDriver.findElement(AndroidDriver.java:1)
at org.openqa.selenium.remote.RemoteWebDriver.findElementByXPath(RemoteWebDriver.java:473)
at io.appium.java_client.DefaultGenericMobileDriver.findElementByXPath(DefaultGenericMobileDriver.java:140)
at io.appium.java_client.AppiumDriver.findElementByXPath(AppiumDriver.java:1)
at io.appium.java_client.android.AndroidDriver.findElementByXPath(AndroidDriver.java:1)
at org.openqa.selenium.By$ByXPath.findElement(By.java:361)
at org.openqa.selenium.remote.RemoteWebDriver.findElement(RemoteWebDriver.java:363)
at io.appium.java_client.DefaultGenericMobileDriver.findElement(DefaultGenericMobileDriver.java:58)
at io.appium.java_client.AppiumDriver.findElement(AppiumDriver.java:1)
at io.appium.java_client.android.AndroidDriver.findElement(AndroidDriver.java:1)
at TicketSwap.SampleTest.TicketSwapPage.selectRegular(TicketSwapPage.java:186)
at TicketSwap.SampleTest.NewTest.sellTicket(NewTest.java:70)
... Removed 29 stack frames]]>
    </failure>
  </testcase> <!-- sellTicket -->
  <testcase classname="TicketSwap.SampleTest.NewTest" name="loginAtTimeOfSellTickets" time="32.166"/>
  <testcase classname="TicketSwap.SampleTest.NewTest" name="searchKeyword" time="23.199"/>
</testsuite> <!-- TicketSwap -->
